Copyright 1986-2019 Xilinx, Inc. All Rights Reserved.
--------------------------------------------------------------------------------------------------------------------------------------------------
| Tool Version : Vivado v.2019.2 (win64) Build 2708876 Wed Nov  6 21:40:23 MST 2019
| Date         : Tue Feb 18 16:42:09 2020
| Host         : DESKTOP-7PUGGAC running 64-bit major release  (build 9200)
| Command      : report_methodology -file main_methodology_drc_routed.rpt -pb main_methodology_drc_routed.pb -rpx main_methodology_drc_routed.rpx
| Design       : main
| Device       : xc7s50csga324-1
| Speed File   : -1
| Design State : Fully Routed
--------------------------------------------------------------------------------------------------------------------------------------------------

Report Methodology

Table of Contents
-----------------
1. REPORT SUMMARY
2. REPORT DETAILS

1. REPORT SUMMARY
-----------------
            Netlist: netlist
          Floorplan: design_1
      Design limits: <entire design considered>
             Max violations: <unlimited>
             Violations found: 85
+-----------+----------+--------------------------------------------+------------+
| Rule      | Severity | Description                                | Violations |
+-----------+----------+--------------------------------------------+------------+
| LUTAR-1   | Warning  | LUT drives async reset alert               | 1          |
| SYNTH-6   | Warning  | Timing of a block RAM might be sub-optimal | 2          |
| TIMING-18 | Warning  | Missing input or output delay              | 18         |
| TIMING-20 | Warning  | Non-clocked latch                          | 64         |
+-----------+----------+--------------------------------------------+------------+

2. REPORT DETAILS
-----------------
LUTAR-1#1 Warning
LUT drives async reset alert  
LUT cell cpu0/time_ns[31]_i_2, with 2 or more inputs, drives asynchronous preset/clear pin(s) i_gpio/gpio_dir_reg[10]/CLR, i_gpio/gpio_dir_reg[11]/CLR, i_gpio/gpio_dir_reg[12]/CLR, i_gpio/gpio_dir_reg[13]/CLR, i_gpio/gpio_dir_reg[14]/CLR, i_gpio/gpio_dir_reg[15]/CLR, i_gpio/gpio_dir_reg[16]/CLR, i_gpio/gpio_dir_reg[17]/CLR, i_gpio/gpio_dir_reg[18]/CLR, i_gpio/gpio_dir_reg[19]/CLR, i_gpio/gpio_dir_reg[20]/CLR, i_gpio/gpio_dir_reg[21]/CLR, i_gpio/gpio_dir_reg[22]/CLR, i_gpio/gpio_dir_reg[23]/CLR, i_gpio/gpio_dir_reg[24]/CLR (the first 15 of 709 listed). The LUT may glitch and trigger an unexpected reset, even if it is a properly timed path.
Related violations: <none>

SYNTH-6#1 Warning
Timing of a block RAM might be sub-optimal  
The timing for the instance ram/memory_reg_1_4, implemented as a block RAM, might be sub-optimal as no output register was merged into the block
Related violations: <none>

SYNTH-6#2 Warning
Timing of a block RAM might be sub-optimal  
The timing for the instance ram/memory_reg_1_6, implemented as a block RAM, might be sub-optimal as no output register was merged into the block
Related violations: <none>

TIMING-18#1 Warning
Missing input or output delay  
An input delay is missing on btn[0] relative to clock(s) CLK100MHZ
Related violations: <none>

TIMING-18#2 Warning
Missing input or output delay  
An input delay is missing on btn[1] relative to clock(s) CLK100MHZ
Related violations: <none>

TIMING-18#3 Warning
Missing input or output delay  
An input delay is missing on btn[2] relative to clock(s) CLK100MHZ
Related violations: <none>

TIMING-18#4 Warning
Missing input or output delay  
An input delay is missing on btn[3] relative to clock(s) CLK100MHZ
Related violations: <none>

TIMING-18#5 Warning
Missing input or output delay  
An input delay is missing on ck_scl relative to clock(s) CLK100MHZ
Related violations: <none>

TIMING-18#6 Warning
Missing input or output delay  
An input delay is missing on ck_sda relative to clock(s) CLK100MHZ
Related violations: <none>

TIMING-18#7 Warning
Missing input or output delay  
An output delay is missing on OLED_CS relative to clock(s) CLK100MHZ
Related violations: <none>

TIMING-18#8 Warning
Missing input or output delay  
An output delay is missing on OLED_DC relative to clock(s) CLK100MHZ
Related violations: <none>

TIMING-18#9 Warning
Missing input or output delay  
An output delay is missing on OLED_MOSI relative to clock(s) CLK100MHZ
Related violations: <none>

TIMING-18#10 Warning
Missing input or output delay  
An output delay is missing on OLED_PMODEN relative to clock(s) CLK100MHZ
Related violations: <none>

TIMING-18#11 Warning
Missing input or output delay  
An output delay is missing on OLED_RES relative to clock(s) CLK100MHZ
Related violations: <none>

TIMING-18#12 Warning
Missing input or output delay  
An output delay is missing on OLED_SCK relative to clock(s) CLK100MHZ
Related violations: <none>

TIMING-18#13 Warning
Missing input or output delay  
An output delay is missing on OLED_VCCEN relative to clock(s) CLK100MHZ
Related violations: <none>

TIMING-18#14 Warning
Missing input or output delay  
An output delay is missing on led[0] relative to clock(s) CLK100MHZ
Related violations: <none>

TIMING-18#15 Warning
Missing input or output delay  
An output delay is missing on led[1] relative to clock(s) CLK100MHZ
Related violations: <none>

TIMING-18#16 Warning
Missing input or output delay  
An output delay is missing on led[2] relative to clock(s) CLK100MHZ
Related violations: <none>

TIMING-18#17 Warning
Missing input or output delay  
An output delay is missing on led[3] relative to clock(s) CLK100MHZ
Related violations: <none>

TIMING-18#18 Warning
Missing input or output delay  
An output delay is missing on uart_rxd_out relative to clock(s) CLK100MHZ
Related violations: <none>

TIMING-20#1 Warning
Non-clocked latch  
The latch ram/blockram_addr_reg[0]_rep cannot be properly analyzed as its control pin ram/blockram_addr_reg[0]_rep/G is not reached by a timing clock
Related violations: <none>

TIMING-20#2 Warning
Non-clocked latch  
The latch ram/blockram_addr_reg[0]_rep__0 cannot be properly analyzed as its control pin ram/blockram_addr_reg[0]_rep__0/G is not reached by a timing clock
Related violations: <none>

TIMING-20#3 Warning
Non-clocked latch  
The latch ram/blockram_addr_reg[0]_rep__1 cannot be properly analyzed as its control pin ram/blockram_addr_reg[0]_rep__1/G is not reached by a timing clock
Related violations: <none>

TIMING-20#4 Warning
Non-clocked latch  
The latch ram/blockram_addr_reg[0]_rep__2 cannot be properly analyzed as its control pin ram/blockram_addr_reg[0]_rep__2/G is not reached by a timing clock
Related violations: <none>

TIMING-20#5 Warning
Non-clocked latch  
The latch ram/blockram_addr_reg[10]_rep cannot be properly analyzed as its control pin ram/blockram_addr_reg[10]_rep/G is not reached by a timing clock
Related violations: <none>

TIMING-20#6 Warning
Non-clocked latch  
The latch ram/blockram_addr_reg[10]_rep__0 cannot be properly analyzed as its control pin ram/blockram_addr_reg[10]_rep__0/G is not reached by a timing clock
Related violations: <none>

TIMING-20#7 Warning
Non-clocked latch  
The latch ram/blockram_addr_reg[10]_rep__1 cannot be properly analyzed as its control pin ram/blockram_addr_reg[10]_rep__1/G is not reached by a timing clock
Related violations: <none>

TIMING-20#8 Warning
Non-clocked latch  
The latch ram/blockram_addr_reg[10]_rep__2 cannot be properly analyzed as its control pin ram/blockram_addr_reg[10]_rep__2/G is not reached by a timing clock
Related violations: <none>

TIMING-20#9 Warning
Non-clocked latch  
The latch ram/blockram_addr_reg[11]_rep cannot be properly analyzed as its control pin ram/blockram_addr_reg[11]_rep/G is not reached by a timing clock
Related violations: <none>

TIMING-20#10 Warning
Non-clocked latch  
The latch ram/blockram_addr_reg[11]_rep__0 cannot be properly analyzed as its control pin ram/blockram_addr_reg[11]_rep__0/G is not reached by a timing clock
Related violations: <none>

TIMING-20#11 Warning
Non-clocked latch  
The latch ram/blockram_addr_reg[11]_rep__1 cannot be properly analyzed as its control pin ram/blockram_addr_reg[11]_rep__1/G is not reached by a timing clock
Related violations: <none>

TIMING-20#12 Warning
Non-clocked latch  
The latch ram/blockram_addr_reg[11]_rep__2 cannot be properly analyzed as its control pin ram/blockram_addr_reg[11]_rep__2/G is not reached by a timing clock
Related violations: <none>

TIMING-20#13 Warning
Non-clocked latch  
The latch ram/blockram_addr_reg[12]_rep cannot be properly analyzed as its control pin ram/blockram_addr_reg[12]_rep/G is not reached by a timing clock
Related violations: <none>

TIMING-20#14 Warning
Non-clocked latch  
The latch ram/blockram_addr_reg[12]_rep__0 cannot be properly analyzed as its control pin ram/blockram_addr_reg[12]_rep__0/G is not reached by a timing clock
Related violations: <none>

TIMING-20#15 Warning
Non-clocked latch  
The latch ram/blockram_addr_reg[12]_rep__1 cannot be properly analyzed as its control pin ram/blockram_addr_reg[12]_rep__1/G is not reached by a timing clock
Related violations: <none>

TIMING-20#16 Warning
Non-clocked latch  
The latch ram/blockram_addr_reg[12]_rep__2 cannot be properly analyzed as its control pin ram/blockram_addr_reg[12]_rep__2/G is not reached by a timing clock
Related violations: <none>

TIMING-20#17 Warning
Non-clocked latch  
The latch ram/blockram_addr_reg[13]_rep cannot be properly analyzed as its control pin ram/blockram_addr_reg[13]_rep/G is not reached by a timing clock
Related violations: <none>

TIMING-20#18 Warning
Non-clocked latch  
The latch ram/blockram_addr_reg[13]_rep__0 cannot be properly analyzed as its control pin ram/blockram_addr_reg[13]_rep__0/G is not reached by a timing clock
Related violations: <none>

TIMING-20#19 Warning
Non-clocked latch  
The latch ram/blockram_addr_reg[13]_rep__1 cannot be properly analyzed as its control pin ram/blockram_addr_reg[13]_rep__1/G is not reached by a timing clock
Related violations: <none>

TIMING-20#20 Warning
Non-clocked latch  
The latch ram/blockram_addr_reg[13]_rep__2 cannot be properly analyzed as its control pin ram/blockram_addr_reg[13]_rep__2/G is not reached by a timing clock
Related violations: <none>

TIMING-20#21 Warning
Non-clocked latch  
The latch ram/blockram_addr_reg[14]_rep cannot be properly analyzed as its control pin ram/blockram_addr_reg[14]_rep/G is not reached by a timing clock
Related violations: <none>

TIMING-20#22 Warning
Non-clocked latch  
The latch ram/blockram_addr_reg[14]_rep__0 cannot be properly analyzed as its control pin ram/blockram_addr_reg[14]_rep__0/G is not reached by a timing clock
Related violations: <none>

TIMING-20#23 Warning
Non-clocked latch  
The latch ram/blockram_addr_reg[14]_rep__1 cannot be properly analyzed as its control pin ram/blockram_addr_reg[14]_rep__1/G is not reached by a timing clock
Related violations: <none>

TIMING-20#24 Warning
Non-clocked latch  
The latch ram/blockram_addr_reg[14]_rep__2 cannot be properly analyzed as its control pin ram/blockram_addr_reg[14]_rep__2/G is not reached by a timing clock
Related violations: <none>

TIMING-20#25 Warning
Non-clocked latch  
The latch ram/blockram_addr_reg[15]_rep cannot be properly analyzed as its control pin ram/blockram_addr_reg[15]_rep/G is not reached by a timing clock
Related violations: <none>

TIMING-20#26 Warning
Non-clocked latch  
The latch ram/blockram_addr_reg[15]_rep__0 cannot be properly analyzed as its control pin ram/blockram_addr_reg[15]_rep__0/G is not reached by a timing clock
Related violations: <none>

TIMING-20#27 Warning
Non-clocked latch  
The latch ram/blockram_addr_reg[15]_rep__1 cannot be properly analyzed as its control pin ram/blockram_addr_reg[15]_rep__1/G is not reached by a timing clock
Related violations: <none>

TIMING-20#28 Warning
Non-clocked latch  
The latch ram/blockram_addr_reg[15]_rep__2 cannot be properly analyzed as its control pin ram/blockram_addr_reg[15]_rep__2/G is not reached by a timing clock
Related violations: <none>

TIMING-20#29 Warning
Non-clocked latch  
The latch ram/blockram_addr_reg[1]_rep cannot be properly analyzed as its control pin ram/blockram_addr_reg[1]_rep/G is not reached by a timing clock
Related violations: <none>

TIMING-20#30 Warning
Non-clocked latch  
The latch ram/blockram_addr_reg[1]_rep__0 cannot be properly analyzed as its control pin ram/blockram_addr_reg[1]_rep__0/G is not reached by a timing clock
Related violations: <none>

TIMING-20#31 Warning
Non-clocked latch  
The latch ram/blockram_addr_reg[1]_rep__1 cannot be properly analyzed as its control pin ram/blockram_addr_reg[1]_rep__1/G is not reached by a timing clock
Related violations: <none>

TIMING-20#32 Warning
Non-clocked latch  
The latch ram/blockram_addr_reg[1]_rep__2 cannot be properly analyzed as its control pin ram/blockram_addr_reg[1]_rep__2/G is not reached by a timing clock
Related violations: <none>

TIMING-20#33 Warning
Non-clocked latch  
The latch ram/blockram_addr_reg[2]_rep cannot be properly analyzed as its control pin ram/blockram_addr_reg[2]_rep/G is not reached by a timing clock
Related violations: <none>

TIMING-20#34 Warning
Non-clocked latch  
The latch ram/blockram_addr_reg[2]_rep__0 cannot be properly analyzed as its control pin ram/blockram_addr_reg[2]_rep__0/G is not reached by a timing clock
Related violations: <none>

TIMING-20#35 Warning
Non-clocked latch  
The latch ram/blockram_addr_reg[2]_rep__1 cannot be properly analyzed as its control pin ram/blockram_addr_reg[2]_rep__1/G is not reached by a timing clock
Related violations: <none>

TIMING-20#36 Warning
Non-clocked latch  
The latch ram/blockram_addr_reg[2]_rep__2 cannot be properly analyzed as its control pin ram/blockram_addr_reg[2]_rep__2/G is not reached by a timing clock
Related violations: <none>

TIMING-20#37 Warning
Non-clocked latch  
The latch ram/blockram_addr_reg[3]_rep cannot be properly analyzed as its control pin ram/blockram_addr_reg[3]_rep/G is not reached by a timing clock
Related violations: <none>

TIMING-20#38 Warning
Non-clocked latch  
The latch ram/blockram_addr_reg[3]_rep__0 cannot be properly analyzed as its control pin ram/blockram_addr_reg[3]_rep__0/G is not reached by a timing clock
Related violations: <none>

TIMING-20#39 Warning
Non-clocked latch  
The latch ram/blockram_addr_reg[3]_rep__1 cannot be properly analyzed as its control pin ram/blockram_addr_reg[3]_rep__1/G is not reached by a timing clock
Related violations: <none>

TIMING-20#40 Warning
Non-clocked latch  
The latch ram/blockram_addr_reg[3]_rep__2 cannot be properly analyzed as its control pin ram/blockram_addr_reg[3]_rep__2/G is not reached by a timing clock
Related violations: <none>

TIMING-20#41 Warning
Non-clocked latch  
The latch ram/blockram_addr_reg[4]_rep cannot be properly analyzed as its control pin ram/blockram_addr_reg[4]_rep/G is not reached by a timing clock
Related violations: <none>

TIMING-20#42 Warning
Non-clocked latch  
The latch ram/blockram_addr_reg[4]_rep__0 cannot be properly analyzed as its control pin ram/blockram_addr_reg[4]_rep__0/G is not reached by a timing clock
Related violations: <none>

TIMING-20#43 Warning
Non-clocked latch  
The latch ram/blockram_addr_reg[4]_rep__1 cannot be properly analyzed as its control pin ram/blockram_addr_reg[4]_rep__1/G is not reached by a timing clock
Related violations: <none>

TIMING-20#44 Warning
Non-clocked latch  
The latch ram/blockram_addr_reg[4]_rep__2 cannot be properly analyzed as its control pin ram/blockram_addr_reg[4]_rep__2/G is not reached by a timing clock
Related violations: <none>

TIMING-20#45 Warning
Non-clocked latch  
The latch ram/blockram_addr_reg[5]_rep cannot be properly analyzed as its control pin ram/blockram_addr_reg[5]_rep/G is not reached by a timing clock
Related violations: <none>

TIMING-20#46 Warning
Non-clocked latch  
The latch ram/blockram_addr_reg[5]_rep__0 cannot be properly analyzed as its control pin ram/blockram_addr_reg[5]_rep__0/G is not reached by a timing clock
Related violations: <none>

TIMING-20#47 Warning
Non-clocked latch  
The latch ram/blockram_addr_reg[5]_rep__1 cannot be properly analyzed as its control pin ram/blockram_addr_reg[5]_rep__1/G is not reached by a timing clock
Related violations: <none>

TIMING-20#48 Warning
Non-clocked latch  
The latch ram/blockram_addr_reg[5]_rep__2 cannot be properly analyzed as its control pin ram/blockram_addr_reg[5]_rep__2/G is not reached by a timing clock
Related violations: <none>

TIMING-20#49 Warning
Non-clocked latch  
The latch ram/blockram_addr_reg[6]_rep cannot be properly analyzed as its control pin ram/blockram_addr_reg[6]_rep/G is not reached by a timing clock
Related violations: <none>

TIMING-20#50 Warning
Non-clocked latch  
The latch ram/blockram_addr_reg[6]_rep__0 cannot be properly analyzed as its control pin ram/blockram_addr_reg[6]_rep__0/G is not reached by a timing clock
Related violations: <none>

TIMING-20#51 Warning
Non-clocked latch  
The latch ram/blockram_addr_reg[6]_rep__1 cannot be properly analyzed as its control pin ram/blockram_addr_reg[6]_rep__1/G is not reached by a timing clock
Related violations: <none>

TIMING-20#52 Warning
Non-clocked latch  
The latch ram/blockram_addr_reg[6]_rep__2 cannot be properly analyzed as its control pin ram/blockram_addr_reg[6]_rep__2/G is not reached by a timing clock
Related violations: <none>

TIMING-20#53 Warning
Non-clocked latch  
The latch ram/blockram_addr_reg[7]_rep cannot be properly analyzed as its control pin ram/blockram_addr_reg[7]_rep/G is not reached by a timing clock
Related violations: <none>

TIMING-20#54 Warning
Non-clocked latch  
The latch ram/blockram_addr_reg[7]_rep__0 cannot be properly analyzed as its control pin ram/blockram_addr_reg[7]_rep__0/G is not reached by a timing clock
Related violations: <none>

TIMING-20#55 Warning
Non-clocked latch  
The latch ram/blockram_addr_reg[7]_rep__1 cannot be properly analyzed as its control pin ram/blockram_addr_reg[7]_rep__1/G is not reached by a timing clock
Related violations: <none>

TIMING-20#56 Warning
Non-clocked latch  
The latch ram/blockram_addr_reg[7]_rep__2 cannot be properly analyzed as its control pin ram/blockram_addr_reg[7]_rep__2/G is not reached by a timing clock
Related violations: <none>

TIMING-20#57 Warning
Non-clocked latch  
The latch ram/blockram_addr_reg[8]_rep cannot be properly analyzed as its control pin ram/blockram_addr_reg[8]_rep/G is not reached by a timing clock
Related violations: <none>

TIMING-20#58 Warning
Non-clocked latch  
The latch ram/blockram_addr_reg[8]_rep__0 cannot be properly analyzed as its control pin ram/blockram_addr_reg[8]_rep__0/G is not reached by a timing clock
Related violations: <none>

TIMING-20#59 Warning
Non-clocked latch  
The latch ram/blockram_addr_reg[8]_rep__1 cannot be properly analyzed as its control pin ram/blockram_addr_reg[8]_rep__1/G is not reached by a timing clock
Related violations: <none>

TIMING-20#60 Warning
Non-clocked latch  
The latch ram/blockram_addr_reg[8]_rep__2 cannot be properly analyzed as its control pin ram/blockram_addr_reg[8]_rep__2/G is not reached by a timing clock
Related violations: <none>

TIMING-20#61 Warning
Non-clocked latch  
The latch ram/blockram_addr_reg[9]_rep cannot be properly analyzed as its control pin ram/blockram_addr_reg[9]_rep/G is not reached by a timing clock
Related violations: <none>

TIMING-20#62 Warning
Non-clocked latch  
The latch ram/blockram_addr_reg[9]_rep__0 cannot be properly analyzed as its control pin ram/blockram_addr_reg[9]_rep__0/G is not reached by a timing clock
Related violations: <none>

TIMING-20#63 Warning
Non-clocked latch  
The latch ram/blockram_addr_reg[9]_rep__1 cannot be properly analyzed as its control pin ram/blockram_addr_reg[9]_rep__1/G is not reached by a timing clock
Related violations: <none>

TIMING-20#64 Warning
Non-clocked latch  
The latch ram/blockram_addr_reg[9]_rep__2 cannot be properly analyzed as its control pin ram/blockram_addr_reg[9]_rep__2/G is not reached by a timing clock
Related violations: <none>


