
Copyright (C) 1994-2019 Synopsys, Inc.
This Synopsys software and all associated documentation are proprietary to Synopsys, Inc.
and may only be used pursuant to the terms and conditions of a written license agreement
with Synopsys, Inc. All other use, reproduction, modification, or distribution of the
Synopsys software or the associated documentation is strictly prohibited.
Tool: Synplify Pro (R)
Build: O-2018.09M-SP1-1
Install: C:\Microsemi\Libero_SoC_v12.2\SynplifyPro
OS: Windows 6.2

Hostname: DESKTOP-JOJSDSF

Implementation : rev_1

# Written on Tue Jan 28 13:47:24 2020

##### DESIGN INFO #######################################################

Top View:                "main"
Constraint File(s):      "D:\FPGA\H13D\rev_1\proj_1_fsm.sdc"




##### SUMMARY ############################################################

Found 0 issues in 0 out of 0 constraints


##### DETAILS ############################################################



Clock Relationships
*******************

Starting           Ending             |     rise to rise     |     fall to fall     |     rise to fall     |     fall to rise                     
-------------------------------------------------------------------------------------------------------------------------------------------------
main|CLK100MHZ     main|CLK100MHZ     |     2.000            |     No paths         |     No paths         |     No paths                         
=================================================================================================================================================
 Note: 'No paths' indicates there are no paths in the design for that pair of clock edges.
       'Diff grp' indicates that paths exist but the starting clock and ending clock are in different clock groups.


Unconstrained Start/End Points
******************************

p:btn[0]
p:btn[1]
p:btn[2]
p:btn[3]
p:led[0]
p:led[1]
p:led[2]
p:led[3]
p:uart_rxd_out


Inapplicable constraints
************************

(none)


Applicable constraints with issues
**********************************

(none)


Constraints with matching wildcard expressions
**********************************************

(none)


Library Report
**************


# End of Constraint Checker Report
